  [1m[35m (213.6ms)[0m  [1m[35mCREATE DATABASE "vet_clinic_development" ENCODING = 'unicode' /*application='VetClinic'*/[0m
  [1m[35mSQL (0.2ms)[0m  [1m[35mSET search_path TO public /*application='VetClinic'*/[0m
  [1m[35m (818.9ms)[0m  [1m[35mCREATE DATABASE "vet_clinic_development" ENCODING = 'unicode' /*application='VetClinic'*/[0m
  [1m[35m (212.3ms)[0m  [1m[35mCREATE DATABASE "vet_clinic_test" ENCODING = 'unicode' /*application='VetClinic'*/[0m
Started GET "/" for 127.0.0.1 at 2026-04-09 16:18:25 -0400
  [1m[35m (38.9ms)[0m  [1m[35mCREATE TABLE "schema_migrations" ("version" character varying NOT NULL PRIMARY KEY) /*application='VetClinic'*/[0m
  [1m[35m (4.1ms)[0m  [1m[35mCREATE TABLE "ar_internal_metadata" ("key" character varying NOT NULL PRIMARY KEY, "value" character varying, "created_at" timestamp(6) NOT NULL, "updated_at" timestamp(6) NOT NULL) /*application='VetClinic'*/[0m
  [1m[36mActiveRecord::SchemaMigration Load (1.1ms)[0m  [1m[34mSELECT "schema_migrations"."version" FROM "schema_migrations" ORDER BY "schema_migrations"."version" ASC /*application='VetClinic'*/[0m
Processing by Rails::WelcomeController#index as HTML
  Rendering C:/Ruby40-x64/lib/ruby/gems/4.0.0/gems/railties-8.1.3/lib/rails/templates/rails/welcome/index.html.erb
  Rendered C:/Ruby40-x64/lib/ruby/gems/4.0.0/gems/railties-8.1.3/lib/rails/templates/rails/welcome/index.html.erb (Duration: 1.4ms | GC: 0.0ms)
Completed 200 OK in 231ms (Views: 48.2ms | ActiveRecord: 0.0ms (0 queries, 0 cached) | GC: 0.0ms)


  [1m[35mSQL (0.1ms)[0m  [1m[35mSET search_path TO public /*application='VetClinic'*/[0m
  [1m[35m (103.3ms)[0m  [1m[35mCREATE DATABASE "vet_clinic_development" ENCODING = 'unicode' /*application='VetClinic'*/[0m
  [1m[35m (214.5ms)[0m  [1m[35mCREATE DATABASE "vet_clinic_test" ENCODING = 'unicode' /*application='VetClinic'*/[0m
Started GET "/" for 127.0.0.1 at 2026-04-09 16:21:25 -0400
  [1m[36mActiveRecord::SchemaMigration Load (1.0ms)[0m  [1m[34mSELECT "schema_migrations"."version" FROM "schema_migrations" ORDER BY "schema_migrations"."version" ASC /*application='VetClinic'*/[0m
Processing by Rails::WelcomeController#index as HTML
  Rendering C:/Ruby40-x64/lib/ruby/gems/4.0.0/gems/railties-8.1.3/lib/rails/templates/rails/welcome/index.html.erb
  Rendered C:/Ruby40-x64/lib/ruby/gems/4.0.0/gems/railties-8.1.3/lib/rails/templates/rails/welcome/index.html.erb (Duration: 0.6ms | GC: 0.0ms)
Completed 200 OK in 33ms (Views: 5.5ms | ActiveRecord: 0.0ms (0 queries, 0 cached) | GC: 0.0ms)


  [1m[35mSQL (0.2ms)[0m  [1m[35mSET search_path TO public /*application='VetClinic'*/[0m
  [1m[35m (111.0ms)[0m  [1m[35mCREATE DATABASE "vet_clinic_development" ENCODING = 'unicode' /*application='VetClinic'*/[0m
  [1m[35mSQL (0.2ms)[0m  [1m[35mSET search_path TO public /*application='VetClinic'*/[0m
  [1m[35m (333.0ms)[0m  [1m[35mCREATE DATABASE "vet_clinic_test" ENCODING = 'unicode' /*application='VetClinic'*/[0m
  [1m[35m (0.5ms)[0m  [1m[34mSELECT pg_try_advisory_lock(5228726602175168820) /*application='VetClinic'*/[0m
  [1m[36mActiveRecord::SchemaMigration Load (1.1ms)[0m  [1m[34mSELECT "schema_migrations"."version" FROM "schema_migrations" ORDER BY "schema_migrations"."version" ASC /*application='VetClinic'*/[0m
  [1m[36mActiveRecord::InternalMetadata Load (1.6ms)[0m  [1m[34mSELECT * FROM "ar_internal_metadata" WHERE "ar_internal_metadata"."key" = 'environment' ORDER BY "ar_internal_metadata"."key" ASC LIMIT 1 /*application='VetClinic'*/[0m
  [1m[36mActiveRecord::InternalMetadata Create (3.4ms)[0m  [1m[32mINSERT INTO "ar_internal_metadata" ("key", "value", "created_at", "updated_at") VALUES ('environment', 'development', '2026-04-09 21:51:34.803345', '2026-04-09 21:51:34.803348') RETURNING "key" /*application='VetClinic'*/[0m
Migrating to CreateOwnersTable (20260409210820)
  [1m[36mTRANSACTION (0.2ms)[0m  [1m[35mBEGIN /*application='VetClinic'*/[0m
  [1m[35m (67.7ms)[0m  [1m[35mCREATE TABLE "owners" ("id" bigserial primary key, "first_name" character varying NOT NULL, "last_name" character varying NOT NULL, "email" character varying, "phone" character varying, "address" text, "created_at" timestamp(6) NOT NULL, "updated_at" timestamp(6) NOT NULL) /*application='VetClinic'*/[0m
  [1m[36mActiveRecord::SchemaMigration Create (0.7ms)[0m  [1m[32mINSERT INTO "schema_migrations" ("version") VALUES ('20260409210820') RETURNING "version" /*application='VetClinic'*/[0m
  [1m[36mTRANSACTION (0.4ms)[0m  [1m[35mCOMMIT /*application='VetClinic'*/[0m
Migrating to CreatePetsTable (20260409210825)
  [1m[36mTRANSACTION (0.2ms)[0m  [1m[35mBEGIN /*application='VetClinic'*/[0m
  [1m[35m (4.1ms)[0m  [1m[35mCREATE TABLE "pets" ("id" bigserial primary key, "name" character varying NOT NULL, "species" character varying NOT NULL, "breed" character varying, "date_of_birth" date, "weight" decimal, "owner_id" integer NOT NULL, "created_at" timestamp(6) NOT NULL, "updated_at" timestamp(6) NOT NULL) /*application='VetClinic'*/[0m
  [1m[36mActiveRecord::SchemaMigration Create (0.4ms)[0m  [1m[32mINSERT INTO "schema_migrations" ("version") VALUES ('20260409210825') RETURNING "version" /*application='VetClinic'*/[0m
  [1m[36mTRANSACTION (0.3ms)[0m  [1m[35mCOMMIT /*application='VetClinic'*/[0m
Migrating to CreateVetsTable (20260409210830)
  [1m[36mTRANSACTION (0.2ms)[0m  [1m[35mBEGIN /*application='VetClinic'*/[0m
  [1m[35m (4.4ms)[0m  [1m[35mCREATE TABLE "vets" ("id" bigserial primary key, "first_name" character varying NOT NULL, "last_name" character varying NOT NULL, "email" character varying, "phone" character varying, "specialization" character varying NOT NULL, "created_at" timestamp(6) NOT NULL, "updated_at" timestamp(6) NOT NULL) /*application='VetClinic'*/[0m
  [1m[36mActiveRecord::SchemaMigration Create (0.2ms)[0m  [1m[32mINSERT INTO "schema_migrations" ("version") VALUES ('20260409210830') RETURNING "version" /*application='VetClinic'*/[0m
  [1m[36mTRANSACTION (0.3ms)[0m  [1m[35mCOMMIT /*application='VetClinic'*/[0m
Migrating to CreateAppointmentsTable (20260409210834)
  [1m[36mTRANSACTION (0.2ms)[0m  [1m[35mBEGIN /*application='VetClinic'*/[0m
  [1m[35m (5.7ms)[0m  [1m[35mCREATE TABLE "appointments" ("id" bigserial primary key, "pet_id" integer NOT NULL, "vet_id" integer NOT NULL, "date" timestamp(6) NOT NULL, "reason" character varying, "status" integer NOT NULL, "created_at" timestamp(6) NOT NULL, "updated_at" timestamp(6) NOT NULL) /*application='VetClinic'*/[0m
  [1m[36mActiveRecord::SchemaMigration Create (0.3ms)[0m  [1m[32mINSERT INTO "schema_migrations" ("version") VALUES ('20260409210834') RETURNING "version" /*application='VetClinic'*/[0m
  [1m[36mTRANSACTION (0.4ms)[0m  [1m[35mCOMMIT /*application='VetClinic'*/[0m
Migrating to CreateTreatmentsTable (20260409210839)
  [1m[36mTRANSACTION (0.2ms)[0m  [1m[35mBEGIN /*application='VetClinic'*/[0m
  [1m[35m (4.8ms)[0m  [1m[35mCREATE TABLE "treatments" ("id" bigserial primary key, "appointment_id" integer NOT NULL, "name" character varying NOT NULL, "medication" character varying, "dosage" character varying, "notes" text, "administered_at" timestamp(6) NOT NULL, "created_at" timestamp(6) NOT NULL, "updated_at" timestamp(6) NOT NULL) /*application='VetClinic'*/[0m
  [1m[36mActiveRecord::SchemaMigration Create (0.3ms)[0m  [1m[32mINSERT INTO "schema_migrations" ("version") VALUES ('20260409210839') RETURNING "version" /*application='VetClinic'*/[0m
  [1m[36mTRANSACTION (0.3ms)[0m  [1m[35mCOMMIT /*application='VetClinic'*/[0m
  [1m[35m (0.5ms)[0m  [1m[34mSELECT pg_advisory_unlock(5228726602175168820) /*application='VetClinic'*/[0m
  [1m[36mActiveRecord::SchemaMigration Load (0.2ms)[0m  [1m[34mSELECT "schema_migrations"."version" FROM "schema_migrations" ORDER BY "schema_migrations"."version" ASC /*application='VetClinic'*/[0m
  [1m[35mSQL (0.1ms)[0m  [1m[35mSET search_path TO public /*application='VetClinic'*/[0m
  [1m[35mSQL (0.2ms)[0m  [1m[35mSET search_path TO "$user", public /*application='VetClinic'*/[0m
  [1m[35mSQL (0.1ms)[0m  [1m[35mSET search_path TO public /*application='VetClinic'*/[0m
  [1m[35mSQL (0.1ms)[0m  [1m[35mSET search_path TO "$user", public /*application='VetClinic'*/[0m
  [1m[35m (0.1ms)[0m  [1m[34mSELECT pg_try_advisory_lock(5228726602175168820) /*application='VetClinic'*/[0m
  [1m[36mActiveRecord::SchemaMigration Load (1.1ms)[0m  [1m[34mSELECT "schema_migrations"."version" FROM "schema_migrations" ORDER BY "schema_migrations"."version" ASC /*application='VetClinic'*/[0m
  [1m[36mActiveRecord::InternalMetadata Load (1.3ms)[0m  [1m[34mSELECT * FROM "ar_internal_metadata" WHERE "ar_internal_metadata"."key" = 'environment' ORDER BY "ar_internal_metadata"."key" ASC LIMIT 1 /*application='VetClinic'*/[0m
  [1m[35m (0.2ms)[0m  [1m[34mSELECT pg_advisory_unlock(5228726602175168820) /*application='VetClinic'*/[0m
  [1m[36mActiveRecord::SchemaMigration Load (0.2ms)[0m  [1m[34mSELECT "schema_migrations"."version" FROM "schema_migrations" ORDER BY "schema_migrations"."version" ASC /*application='VetClinic'*/[0m
  [1m[35mSQL (0.1ms)[0m  [1m[35mSET search_path TO public /*application='VetClinic'*/[0m
  [1m[35mSQL (0.1ms)[0m  [1m[35mSET search_path TO "$user", public /*application='VetClinic'*/[0m
  [1m[35mSQL (0.1ms)[0m  [1m[35mSET search_path TO public /*application='VetClinic'*/[0m
  [1m[35mSQL (0.1ms)[0m  [1m[35mSET search_path TO "$user", public /*application='VetClinic'*/[0m
  [1m[36mOwner Load (1.0ms)[0m  [1m[34mSELECT "owners".* FROM "owners" /* loading for pp */ LIMIT 11 /*application='VetClinic'*/[0m
  [1m[36mPet Load (1.3ms)[0m  [1m[34mSELECT "pets".* FROM "pets" /* loading for pp */ LIMIT 11 /*application='VetClinic'*/[0m
  [1m[36mVet Load (1.0ms)[0m  [1m[34mSELECT "vets".* FROM "vets" /* loading for pp */ LIMIT 11 /*application='VetClinic'*/[0m
  [1m[36mTreatment Load (0.9ms)[0m  [1m[34mSELECT "treatments".* FROM "treatments" /* loading for pp */ LIMIT 11 /*application='VetClinic'*/[0m
  [1m[36mOwner Load (87.3ms)[0m  [1m[34mSELECT "owners".* FROM "owners" /* loading for pp */ LIMIT 11 /*application='VetClinic'*/[0m
  [1m[36mPet Load (1.1ms)[0m  [1m[34mSELECT "pets".* FROM "pets" /* loading for pp */ LIMIT 11 /*application='VetClinic'*/[0m
  [1m[36mVet Load (1.1ms)[0m  [1m[34mSELECT "vets".* FROM "vets" /* loading for pp */ LIMIT 11 /*application='VetClinic'*/[0m
  [1m[36mAppointment Load (1.1ms)[0m  [1m[34mSELECT "appointments".* FROM "appointments" /* loading for pp */ LIMIT 11 /*application='VetClinic'*/[0m
  [1m[36mTreatment Load (1.1ms)[0m  [1m[34mSELECT "treatments".* FROM "treatments" /* loading for pp */ LIMIT 11 /*application='VetClinic'*/[0m
